15:20:06.508 [main] DEBUG cr.ac.itcr.Chat.Servidor - Listening connections...
15:20:27.613 [AWT-EventQueue-0] ERROR cr.ac.itcr.UI.Window - NO puede entrar sin registrarse
Processing message: server%Juan
Juan
15:20:43.475 [main] INFO cr.ac.itcr.Chat.Servidor - Server in use...
15:20:43.475 [main] INFO cr.ac.itcr.Chat.Servidor - Processing message: server%;rooo;Juan
15:20:43.485 [main] WARN cr.ac.itcr.Chat.Servidor - Address already in use: bind
java.net.BindException: Address already in use: bind
	at java.base/sun.nio.ch.Net.bind0(Native Method)
	at java.base/sun.nio.ch.Net.bind(Net.java:469)
	at java.base/sun.nio.ch.Net.bind(Net.java:458)
	at java.base/sun.nio.ch.NioSocketImpl.bind(NioSocketImpl.java:643)
	at java.base/java.net.ServerSocket.bind(ServerSocket.java:374)
	at java.base/java.net.ServerSocket.<init>(ServerSocket.java:260)
	at java.base/java.net.ServerSocket.<init>(ServerSocket.java:151)
	at cr.ac.itcr.Chat.Servidor.<init>(Servidor.java:32)
	at cr.ac.itcr.UI.Window.<init>(Window.java:41)
	at cr.ac.itcr.UI.Main.main(Main.java:13)

java.net.BindException: Address already in use: bind
	at java.base/sun.nio.ch.Net.bind0(Native Method)
	at java.base/sun.nio.ch.Net.bind(Net.java:469)
	at java.base/sun.nio.ch.Net.bind(Net.java:458)
	at java.base/sun.nio.ch.NioSocketImpl.bind(NioSocketImpl.java:643)
	at java.base/java.net.ServerSocket.bind(ServerSocket.java:374)
	at java.base/java.net.ServerSocket.<init>(ServerSocket.java:260)
	at java.base/java.net.ServerSocket.<init>(ServerSocket.java:151)
	at cr.ac.itcr.Chat.Servidor.<init>(Servidor.java:32)
	at cr.ac.itcr.UI.Wind15:22:47.880 [AWT-EventQueue-0] ERROR cr.ac.itcr.UI.Window - NO puede entrar sin registrarse
Processing message: server%;rooo;Juan
Processing message: server%;rooo;Juan

